<?xml version="1.0" encoding="UTF-8"?>
<testsuite xmlns:xsi="http://www.w3.org/2001/XMLSchema-instance" xsi:noNamespaceSchemaLocation="https://maven.apache.org/surefire/maven-surefire-plugin/xsd/surefire-test-report.xsd" name="ti21b.hikmal.yusif.jamil.michael.bangkit.service.UserServiceImplTest" time="3.798" tests="20" errors="0" skipped="0" failures="0">
  <properties>
    <property name="java.specification.version" value="19"/>
    <property name="sun.cpu.isalist" value="amd64"/>
    <property name="sun.jnu.encoding" value="Cp1252"/>
    <property name="java.class.path" value="F:\Folder Kuliah\Semester 3\Pengembangan Perangkat Lunak Berorientasi Objek\Tugas\login-todolist\target\test-classes;F:\Folder Kuliah\Semester 3\Pengembangan Perangkat Lunak Berorientasi Objek\Tugas\login-todolist\target\classes;C:\Users\Ika Dhayu\.m2\repository\com\mysql\mysql-connector-j\8.0.31\mysql-connector-j-8.0.31.jar;C:\Users\Ika Dhayu\.m2\repository\com\google\protobuf\protobuf-java\3.19.4\protobuf-java-3.19.4.jar;C:\Users\Ika Dhayu\.m2\repository\org\mindrot\jbcrypt\0.4\jbcrypt-0.4.jar;C:\Users\Ika Dhayu\.m2\repository\org\junit\jupiter\junit-jupiter\5.9.1\junit-jupiter-5.9.1.jar;C:\Users\Ika Dhayu\.m2\repository\org\junit\jupiter\junit-jupiter-api\5.9.1\junit-jupiter-api-5.9.1.jar;C:\Users\Ika Dhayu\.m2\repository\org\opentest4j\opentest4j\1.2.0\opentest4j-1.2.0.jar;C:\Users\Ika Dhayu\.m2\repository\org\junit\platform\junit-platform-commons\1.9.1\junit-platform-commons-1.9.1.jar;C:\Users\Ika Dhayu\.m2\repository\org\apiguardian\apiguardian-api\1.1.2\apiguardian-api-1.1.2.jar;C:\Users\Ika Dhayu\.m2\repository\org\junit\jupiter\junit-jupiter-params\5.9.1\junit-jupiter-params-5.9.1.jar;C:\Users\Ika Dhayu\.m2\repository\org\junit\jupiter\junit-jupiter-engine\5.9.1\junit-jupiter-engine-5.9.1.jar;C:\Users\Ika Dhayu\.m2\repository\org\junit\platform\junit-platform-engine\1.9.1\junit-platform-engine-1.9.1.jar;C:\Users\Ika Dhayu\.m2\repository\unknown\binary\AbsoluteLayout\SNAPSHOT\AbsoluteLayout-SNAPSHOT.jar;"/>
    <property name="java.vm.vendor" value="Oracle Corporation"/>
    <property name="sun.arch.data.model" value="64"/>
    <property name="user.variant" value=""/>
    <property name="java.vendor.url" value="https://java.oracle.com/"/>
    <property name="user.timezone" value="Asia/Bangkok"/>
    <property name="os.name" value="Windows 11"/>
    <property name="java.vm.specification.version" value="19"/>
    <property name="user.country" value="US"/>
    <property name="sun.java.launcher" value="SUN_STANDARD"/>
    <property name="sun.boot.library.path" value="C:\Program Files\Java\jdk-19\bin"/>
    <property name="sun.java.command" value="C:\Users\IKADHA~1\AppData\Local\Temp\surefire2975850082977688097\surefirebooter4532188155101851281.jar C:\Users\Ika Dhayu\AppData\Local\Temp\surefire2975850082977688097 2023-01-16T21-58-08_228-jvmRun1 surefire5616761628894453382tmp surefire_015387483453220572082tmp"/>
    <property name="jdk.debug" value="release"/>
    <property name="surefire.test.class.path" value="F:\Folder Kuliah\Semester 3\Pengembangan Perangkat Lunak Berorientasi Objek\Tugas\login-todolist\target\test-classes;F:\Folder Kuliah\Semester 3\Pengembangan Perangkat Lunak Berorientasi Objek\Tugas\login-todolist\target\classes;C:\Users\Ika Dhayu\.m2\repository\com\mysql\mysql-connector-j\8.0.31\mysql-connector-j-8.0.31.jar;C:\Users\Ika Dhayu\.m2\repository\com\google\protobuf\protobuf-java\3.19.4\protobuf-java-3.19.4.jar;C:\Users\Ika Dhayu\.m2\repository\org\mindrot\jbcrypt\0.4\jbcrypt-0.4.jar;C:\Users\Ika Dhayu\.m2\repository\org\junit\jupiter\junit-jupiter\5.9.1\junit-jupiter-5.9.1.jar;C:\Users\Ika Dhayu\.m2\repository\org\junit\jupiter\junit-jupiter-api\5.9.1\junit-jupiter-api-5.9.1.jar;C:\Users\Ika Dhayu\.m2\repository\org\opentest4j\opentest4j\1.2.0\opentest4j-1.2.0.jar;C:\Users\Ika Dhayu\.m2\repository\org\junit\platform\junit-platform-commons\1.9.1\junit-platform-commons-1.9.1.jar;C:\Users\Ika Dhayu\.m2\repository\org\apiguardian\apiguardian-api\1.1.2\apiguardian-api-1.1.2.jar;C:\Users\Ika Dhayu\.m2\repository\org\junit\jupiter\junit-jupiter-params\5.9.1\junit-jupiter-params-5.9.1.jar;C:\Users\Ika Dhayu\.m2\repository\org\junit\jupiter\junit-jupiter-engine\5.9.1\junit-jupiter-engine-5.9.1.jar;C:\Users\Ika Dhayu\.m2\repository\org\junit\platform\junit-platform-engine\1.9.1\junit-platform-engine-1.9.1.jar;C:\Users\Ika Dhayu\.m2\repository\unknown\binary\AbsoluteLayout\SNAPSHOT\AbsoluteLayout-SNAPSHOT.jar;"/>
    <property name="sun.cpu.endian" value="little"/>
    <property name="user.home" value="C:\Users\Ika Dhayu"/>
    <property name="user.language" value="en"/>
    <property name="java.specification.vendor" value="Oracle Corporation"/>
    <property name="java.version.date" value="2022-10-18"/>
    <property name="java.home" value="C:\Program Files\Java\jdk-19"/>
    <property name="file.separator" value="\"/>
    <property name="basedir" value="F:\Folder Kuliah\Semester 3\Pengembangan Perangkat Lunak Berorientasi Objek\Tugas\login-todolist"/>
    <property name="java.vm.compressedOopsMode" value="32-bit"/>
    <property name="line.separator" value="&#10;"/>
    <property name="java.vm.specification.vendor" value="Oracle Corporation"/>
    <property name="java.specification.name" value="Java Platform API Specification"/>
    <property name="surefire.real.class.path" value="C:\Users\IKADHA~1\AppData\Local\Temp\surefire2975850082977688097\surefirebooter4532188155101851281.jar"/>
    <property name="user.script" value=""/>
    <property name="sun.management.compiler" value="HotSpot 64-Bit Tiered Compilers"/>
    <property name="java.runtime.version" value="19.0.1+10-21"/>
    <property name="user.name" value="Ika Dhayu"/>
    <property name="stdout.encoding" value="Cp1252"/>
    <property name="path.separator" value=";"/>
    <property name="os.version" value="10.0"/>
    <property name="java.runtime.name" value="Java(TM) SE Runtime Environment"/>
    <property name="file.encoding" value="UTF-8"/>
    <property name="java.vm.name" value="Java HotSpot(TM) 64-Bit Server VM"/>
    <property name="maven.ext.class.path" value="C:\Program Files\NetBeans-15\netbeans\java\maven-nblib\netbeans-eventspy.jar"/>
    <property name="localRepository" value="C:\Users\Ika Dhayu\.m2\repository"/>
    <property name="java.vendor.url.bug" value="https://bugreport.java.com/bugreport/"/>
    <property name="java.io.tmpdir" value="C:\Users\IKADHA~1\AppData\Local\Temp\"/>
    <property name="java.version" value="19.0.1"/>
    <property name="user.dir" value="F:\Folder Kuliah\Semester 3\Pengembangan Perangkat Lunak Berorientasi Objek\Tugas\login-todolist"/>
    <property name="os.arch" value="amd64"/>
    <property name="java.vm.specification.name" value="Java Virtual Machine Specification"/>
    <property name="sun.os.patch.level" value=""/>
    <property name="native.encoding" value="Cp1252"/>
    <property name="java.library.path" value="C:\Program Files\Java\jdk-19\bin;C:\WINDOWS\Sun\Java\bin;C:\WINDOWS\system32;C:\WINDOWS;C:\Program Files\Common Files\Oracle\Java\javapath;C:\Program Files (x86)\Common Files\Intel\Shared Files\cpp\bin\Intel64;C:\WINDOWS\system32;C:\WINDOWS;C:\WINDOWS\System32\Wbem;C:\WINDOWS\System32\WindowsPowerShell\v1.0\;C:\WINDOWS\System32\OpenSSH\;C:\Program Files\MySQL\MySQL Server 8.0\bin;C:\xampp\mysql\bin;C:\Program Files\Git\cmd;C:\Program Files\Graphviz\bin;C:\xampp\php;C:\webdriver;C:\Program Files\dotnet\;C:\composer;C:\apache-maven-3.8.6\bin;C:\javafx-sdk-20\bin;C:\Users\Ika Dhayu\AppData\Local\Programs\Python\Python310\Scripts\;C:\Users\Ika Dhayu\AppData\Local\Programs\Python\Python310\;C:\Users\Ika Dhayu\AppData\Local\Microsoft\WindowsApps;C:\Users\Ika Dhayu\AppData\Local\Programs\Microsoft VS Code\bin;;C:\Program Files\JetBrains\PhpStorm 2022.1.3\bin;;C:\Users\Ika Dhayu\AppData\Roaming\Composer\vendor\bin;C:\Program Files\JetBrains\IntelliJ IDEA 2022.2.2\bin;;."/>
    <property name="java.vm.info" value="mixed mode, sharing"/>
    <property name="stderr.encoding" value="Cp1252"/>
    <property name="java.vendor" value="Oracle Corporation"/>
    <property name="java.vm.version" value="19.0.1+10-21"/>
    <property name="sun.io.unicode.encoding" value="UnicodeLittle"/>
    <property name="java.class.version" value="63.0"/>
  </properties>
  <testcase name="testUpdatePasswordNullAttribute" classname="ti21b.hikmal.yusif.jamil.michael.bangkit.service.UserServiceImplTest" time="1.032"/>
  <testcase name="testRegisterBlankAttribute" classname="ti21b.hikmal.yusif.jamil.michael.bangkit.service.UserServiceImplTest" time="0.028"/>
  <testcase name="testUpdateProfileSuccess" classname="ti21b.hikmal.yusif.jamil.michael.bangkit.service.UserServiceImplTest" time="0.052"/>
  <testcase name="testUpdateProfileBlankAttribute" classname="ti21b.hikmal.yusif.jamil.michael.bangkit.service.UserServiceImplTest" time="0.023"/>
  <testcase name="testloginWrongPassword" classname="ti21b.hikmal.yusif.jamil.michael.bangkit.service.UserServiceImplTest" time="0.819"/>
  <testcase name="testLoginSuccess" classname="ti21b.hikmal.yusif.jamil.michael.bangkit.service.UserServiceImplTest" time="0.401"/>
  <testcase name="testUpdatePasswordBlankAttribute" classname="ti21b.hikmal.yusif.jamil.michael.bangkit.service.UserServiceImplTest" time="0.044"/>
  <testcase name="testRegisterDifferentPassword" classname="ti21b.hikmal.yusif.jamil.michael.bangkit.service.UserServiceImplTest" time="0.018"/>
  <testcase name="testRegisterLengthPassword" classname="ti21b.hikmal.yusif.jamil.michael.bangkit.service.UserServiceImplTest" time="0.04"/>
  <testcase name="testRegisterDuplicate" classname="ti21b.hikmal.yusif.jamil.michael.bangkit.service.UserServiceImplTest" time="0.147"/>
  <testcase name="testUpdateProfileNullAttribute" classname="ti21b.hikmal.yusif.jamil.michael.bangkit.service.UserServiceImplTest" time="0.018"/>
  <testcase name="testUpdatePasswordNotSameCurrentPassword" classname="ti21b.hikmal.yusif.jamil.michael.bangkit.service.UserServiceImplTest" time="0.032"/>
  <testcase name="testloginBlankAttribute" classname="ti21b.hikmal.yusif.jamil.michael.bangkit.service.UserServiceImplTest" time="0.15"/>
  <testcase name="testUpdatePasswordLengthAttribute" classname="ti21b.hikmal.yusif.jamil.michael.bangkit.service.UserServiceImplTest" time="0.02"/>
  <testcase name="testloginNullAttribute" classname="ti21b.hikmal.yusif.jamil.michael.bangkit.service.UserServiceImplTest" time="0.023"/>
  <testcase name="testUpdatePasswordNotSame" classname="ti21b.hikmal.yusif.jamil.michael.bangkit.service.UserServiceImplTest" time="0.02"/>
  <testcase name="testloginNotFound" classname="ti21b.hikmal.yusif.jamil.michael.bangkit.service.UserServiceImplTest" time="0.03"/>
  <testcase name="testRegisterNullAttribute" classname="ti21b.hikmal.yusif.jamil.michael.bangkit.service.UserServiceImplTest" time="0.029"/>
  <testcase name="testUpdatePasswordSuccess" classname="ti21b.hikmal.yusif.jamil.michael.bangkit.service.UserServiceImplTest" time="0.574"/>
  <testcase name="testRegisterSuccess" classname="ti21b.hikmal.yusif.jamil.michael.bangkit.service.UserServiceImplTest" time="0.255"/>
</testsuite>